<object-stream>
<org.drools.core.audit.WorkingMemoryLog>
  <version>6.1</version>
  <events>
    <org.drools.core.audit.event.RuleFlowLogEvent>
      <type>8</type>
      <processId>ServiceProcess</processId>
      <processName>Service Process</processName>
      <processInstanceId>1</processInstanceId>
    </org.drools.core.audit.event.RuleFlowLogEvent>
    <org.drools.core.audit.event.RuleFlowNodeLogEvent>
      <type>24</type>
      <processId>ServiceProcess</processId>
      <processName>Service Process</processName>
      <processInstanceId>1</processInstanceId>
      <nodeId>_1</nodeId>
      <nodeName>StartProcess</nodeName>
      <nodeInstanceId>0</nodeInstanceId>
    </org.drools.core.audit.event.RuleFlowNodeLogEvent>
    <org.drools.core.audit.event.RuleFlowNodeLogEvent>
      <type>26</type>
      <processId>ServiceProcess</processId>
      <processName>Service Process</processName>
      <processInstanceId>1</processInstanceId>
      <nodeId>_1</nodeId>
      <nodeName>StartProcess</nodeName>
      <nodeInstanceId>0</nodeInstanceId>
    </org.drools.core.audit.event.RuleFlowNodeLogEvent>
    <org.drools.core.audit.event.RuleFlowNodeLogEvent>
      <type>24</type>
      <processId>ServiceProcess</processId>
      <processName>Service Process</processName>
      <processInstanceId>1</processInstanceId>
      <nodeId>_2</nodeId>
      <nodeName>Download Brief</nodeName>
      <nodeInstanceId>1</nodeInstanceId>
    </org.drools.core.audit.event.RuleFlowNodeLogEvent>
    <org.drools.core.audit.event.RuleFlowVariableLogEvent>
      <type>32</type>
      <processId>ServiceProcess</processId>
      <processName>Service Process</processName>
      <processInstanceId>1</processInstanceId>
      <variableId>s</variableId>
      <variableInstanceId>s</variableInstanceId>
      <objectToString>0</objectToString>
    </org.drools.core.audit.event.RuleFlowVariableLogEvent>
    <org.drools.core.audit.event.RuleFlowVariableLogEvent>
      <type>33</type>
      <processId>ServiceProcess</processId>
      <processName>Service Process</processName>
      <processInstanceId>1</processInstanceId>
      <variableId>s</variableId>
      <variableInstanceId>s</variableInstanceId>
      <objectToString>0</objectToString>
    </org.drools.core.audit.event.RuleFlowVariableLogEvent>
    <org.drools.core.audit.event.RuleFlowNodeLogEvent>
      <type>26</type>
      <processId>ServiceProcess</processId>
      <processName>Service Process</processName>
      <processInstanceId>1</processInstanceId>
      <nodeId>_2</nodeId>
      <nodeName>Download Brief</nodeName>
      <nodeInstanceId>1</nodeInstanceId>
    </org.drools.core.audit.event.RuleFlowNodeLogEvent>
    <org.drools.core.audit.event.RuleFlowNodeLogEvent>
      <type>24</type>
      <processId>ServiceProcess</processId>
      <processName>Service Process</processName>
      <processInstanceId>1</processInstanceId>
      <nodeId>_jbpm-unique-0</nodeId>
      <nodeName>Check Cert</nodeName>
      <nodeInstanceId>2</nodeInstanceId>
    </org.drools.core.audit.event.RuleFlowNodeLogEvent>
    <org.drools.core.audit.event.RuleFlowNodeLogEvent>
      <type>26</type>
      <processId>ServiceProcess</processId>
      <processName>Service Process</processName>
      <processInstanceId>1</processInstanceId>
      <nodeId>_jbpm-unique-0</nodeId>
      <nodeName>Check Cert</nodeName>
      <nodeInstanceId>2</nodeInstanceId>
    </org.drools.core.audit.event.RuleFlowNodeLogEvent>
    <org.drools.core.audit.event.RuleFlowNodeLogEvent>
      <type>24</type>
      <processId>ServiceProcess</processId>
      <processName>Service Process</processName>
      <processInstanceId>1</processInstanceId>
      <nodeId>_3</nodeId>
      <nodeName>EndProcess</nodeName>
      <nodeInstanceId>3</nodeInstanceId>
    </org.drools.core.audit.event.RuleFlowNodeLogEvent>
    <org.drools.core.audit.event.RuleFlowNodeLogEvent>
      <type>26</type>
      <processId>ServiceProcess</processId>
      <processName>Service Process</processName>
      <processInstanceId>1</processInstanceId>
      <nodeId>_3</nodeId>
      <nodeName>EndProcess</nodeName>
      <nodeInstanceId>3</nodeInstanceId>
    </org.drools.core.audit.event.RuleFlowNodeLogEvent>
    <org.drools.core.audit.event.RuleFlowLogEvent>
      <type>10</type>
      <processId>ServiceProcess</processId>
      <processName>Service Process</processName>
      <processInstanceId>1</processInstanceId>
    </org.drools.core.audit.event.RuleFlowLogEvent>
    <org.drools.core.audit.event.RuleFlowLogEvent>
      <type>11</type>
      <processId>ServiceProcess</processId>
      <processName>Service Process</processName>
      <processInstanceId>1</processInstanceId>
    </org.drools.core.audit.event.RuleFlowLogEvent>
    <org.drools.core.audit.event.RuleFlowNodeLogEvent>
      <type>27</type>
      <processId>ServiceProcess</processId>
      <processName>Service Process</processName>
      <processInstanceId>1</processInstanceId>
      <nodeId>_3</nodeId>
      <nodeName>EndProcess</nodeName>
      <nodeInstanceId>3</nodeInstanceId>
    </org.drools.core.audit.event.RuleFlowNodeLogEvent>
    <org.drools.core.audit.event.RuleFlowNodeLogEvent>
      <type>25</type>
      <processId>ServiceProcess</processId>
      <processName>Service Process</processName>
      <processInstanceId>1</processInstanceId>
      <nodeId>_3</nodeId>
      <nodeName>EndProcess</nodeName>
      <nodeInstanceId>3</nodeInstanceId>
    </org.drools.core.audit.event.RuleFlowNodeLogEvent>
    <org.drools.core.audit.event.RuleFlowNodeLogEvent>
      <type>27</type>
      <processId>ServiceProcess</processId>
      <processName>Service Process</processName>
      <processInstanceId>1</processInstanceId>
      <nodeId>_jbpm-unique-0</nodeId>
      <nodeName>Check Cert</nodeName>
      <nodeInstanceId>2</nodeInstanceId>
    </org.drools.core.audit.event.RuleFlowNodeLogEvent>
    <org.drools.core.audit.event.RuleFlowNodeLogEvent>
      <type>25</type>
      <processId>ServiceProcess</processId>
      <processName>Service Process</processName>
      <processInstanceId>1</processInstanceId>
      <nodeId>_jbpm-unique-0</nodeId>
      <nodeName>Check Cert</nodeName>
      <nodeInstanceId>2</nodeInstanceId>
    </org.drools.core.audit.event.RuleFlowNodeLogEvent>
    <org.drools.core.audit.event.RuleFlowNodeLogEvent>
      <type>27</type>
      <processId>ServiceProcess</processId>
      <processName>Service Process</processName>
      <processInstanceId>1</processInstanceId>
      <nodeId>_2</nodeId>
      <nodeName>Download Brief</nodeName>
      <nodeInstanceId>1</nodeInstanceId>
    </org.drools.core.audit.event.RuleFlowNodeLogEvent>
    <org.drools.core.audit.event.RuleFlowNodeLogEvent>
      <type>25</type>
      <processId>ServiceProcess</processId>
      <processName>Service Process</processName>
      <processInstanceId>1</processInstanceId>
      <nodeId>_2</nodeId>
      <nodeName>Download Brief</nodeName>
      <nodeInstanceId>1</nodeInstanceId>
    </org.drools.core.audit.event.RuleFlowNodeLogEvent>
    <org.drools.core.audit.event.RuleFlowNodeLogEvent>
      <type>27</type>
      <processId>ServiceProcess</processId>
      <processName>Service Process</processName>
      <processInstanceId>1</processInstanceId>
      <nodeId>_1</nodeId>
      <nodeName>StartProcess</nodeName>
      <nodeInstanceId>0</nodeInstanceId>
    </org.drools.core.audit.event.RuleFlowNodeLogEvent>
    <org.drools.core.audit.event.RuleFlowNodeLogEvent>
      <type>25</type>
      <processId>ServiceProcess</processId>
      <processName>Service Process</processName>
      <processInstanceId>1</processInstanceId>
      <nodeId>_1</nodeId>
      <nodeName>StartProcess</nodeName>
      <nodeInstanceId>0</nodeInstanceId>
    </org.drools.core.audit.event.RuleFlowNodeLogEvent>
    <org.drools.core.audit.event.RuleFlowLogEvent>
      <type>9</type>
      <processId>ServiceProcess</processId>
      <processName>Service Process</processName>
      <processInstanceId>1</processInstanceId>
    </org.drools.core.audit.event.RuleFlowLogEvent>
  </events>
  <engine>PHREAK</engine>
</org.drools.core.audit.WorkingMemoryLog>
</object-stream>
